0 info it worked if it ends with ok
1 verbose cli [ 'C:\\Program Files\\nodejs\\node.exe',
1 verbose cli   'C:\\Program Files\\nodejs\\node_modules\\npm\\bin\\npm-cli.js',
1 verbose cli   'run-script',
1 verbose cli   'start' ]
2 info using npm@3.10.3
3 info using node@v6.6.0
4 verbose run-script [ 'prestart', 'start', 'poststart' ]
5 info lifecycle manager@0.0.0~prestart: manager@0.0.0
6 silly lifecycle manager@0.0.0~prestart: no script for prestart, continuing
7 info lifecycle manager@0.0.0~start: manager@0.0.0
8 verbose lifecycle manager@0.0.0~start: unsafe-perm in lifecycle true
9 verbose lifecycle manager@0.0.0~start: PATH: C:\Program Files\nodejs\node_modules\npm\bin\node-gyp-bin;C:\Users\迪山\Desktop\projectmanager(2)\projectmanager\node_modules\.bin;C:\Program Files\nodejs;C:\Program Files (x86)\Intel\iCLS Client\;C:\Program Files\Intel\iCLS Client\;C:\Program Files (x86)\NVIDIA Corporation\PhysX\Common;C:\WINDOWS\system32;C:\WINDOWS;C:\WINDOWS\System32\Wbem;C:\WINDOWS\System32\WindowsPowerShell\v1.0\;C:\Program Files\Intel\Intel(R) Management Engine Components\DAL;C:\Program Files\Intel\Intel(R) Management Engine Components\IPT;C:\Program Files (x86)\Intel\Intel(R) Management Engine Components\DAL;C:\Program Files (x86)\Intel\Intel(R) Management Engine Components\IPT;G:\编程开发\Java\jdk1.8.0_45\bin;G:\编程开发\Java\jdk1.8.0_45\jre\bin;C:\Program Files\Microsoft\Web Platform Installer\;C:\Program Files (x86)\Microsoft ASP.NET\ASP.NET Web Pages\v1.0\;C:\Program Files (x86)\Windows Kits\8.0\Windows Performance Toolkit\;C:\Program Files\Microsoft SQL Server\110\Tools\Binn\;D:\opencv\opencv\build\bin;F:\xampp\php;C:\ProgramData\ComposerSetup\bin;C:\Users\迪山\AppData\Local\.meteor;D:\mongodb\bin;C:\Program Files\nodejs\;G:\编程开发\doxygen\bin;C:\Users\迪山\AppData\Roaming\Composer\vendor\bin;C:\Users\迪山\AppData\Local\.meteor\;C:\Users\迪山\AppData\Roaming\npm
10 verbose lifecycle manager@0.0.0~start: CWD: C:\Users\迪山\Desktop\projectmanager(2)\projectmanager
11 silly lifecycle manager@0.0.0~start: Args: [ '/d /s /c', 'node ./bin/www' ]
12 silly lifecycle manager@0.0.0~start: Returned: code: 1  signal: null
13 info lifecycle manager@0.0.0~start: Failed to exec start script
14 verbose stack Error: manager@0.0.0 start: `node ./bin/www`
14 verbose stack Exit status 1
14 verbose stack     at EventEmitter.<anonymous> (C:\Program Files\nodejs\node_modules\npm\lib\utils\lifecycle.js:242:16)
14 verbose stack     at emitTwo (events.js:106:13)
14 verbose stack     at EventEmitter.emit (events.js:191:7)
14 verbose stack     at ChildProcess.<anonymous> (C:\Program Files\nodejs\node_modules\npm\lib\utils\spawn.js:40:14)
14 verbose stack     at emitTwo (events.js:106:13)
14 verbose stack     at ChildProcess.emit (events.js:191:7)
14 verbose stack     at maybeClose (internal/child_process.js:877:16)
14 verbose stack     at Process.ChildProcess._handle.onexit (internal/child_process.js:226:5)
15 verbose pkgid manager@0.0.0
16 verbose cwd C:\Users\迪山\Desktop\projectmanager(2)\projectmanager
17 error Windows_NT 6.3.9600
18 error argv "C:\\Program Files\\nodejs\\node.exe" "C:\\Program Files\\nodejs\\node_modules\\npm\\bin\\npm-cli.js" "run-script" "start"
19 error node v6.6.0
20 error npm  v3.10.3
21 error code ELIFECYCLE
22 error manager@0.0.0 start: `node ./bin/www`
22 error Exit status 1
23 error Failed at the manager@0.0.0 start script 'node ./bin/www'.
23 error Make sure you have the latest version of node.js and npm installed.
23 error If you do, this is most likely a problem with the manager package,
23 error not with npm itself.
23 error Tell the author that this fails on your system:
23 error     node ./bin/www
23 error You can get information on how to open an issue for this project with:
23 error     npm bugs manager
23 error Or if that isn't available, you can get their info via:
23 error     npm owner ls manager
23 error There is likely additional logging output above.
24 verbose exit [ 1, true ]
